[35m[1mScanning dependencies of target ros2_imu_node[0m
[ 50%] [32mBuilding CXX object CMakeFiles/ros2_imu_node.dir/src/imu.cpp.o[0m
[01m[K/home/robot/Software/ROS2/Madox/madox_ws/src/ros2_IMU/src/imu.cpp:81:3:[m[K [01;31m[Kerror: [m[Kâ€˜[01m[Kimu[m[Kâ€™ does not name a type
   81 |   [01;31m[Kimu[m[K->IMUInit();
      |   [01;31m[K^~~[m[K
[01m[K/home/robot/Software/ROS2/Madox/madox_ws/src/ros2_IMU/src/imu.cpp:85:3:[m[K [01;31m[Kerror: [m[Kâ€˜[01m[Kimu[m[Kâ€™ does not name a type
   85 |   [01;31m[Kimu[m[K->setSlerpPower(0.02);
      |   [01;31m[K^~~[m[K
[01m[K/home/robot/Software/ROS2/Madox/madox_ws/src/ros2_IMU/src/imu.cpp:86:3:[m[K [01;31m[Kerror: [m[Kâ€˜[01m[Kimu[m[Kâ€™ does not name a type
   86 |   [01;31m[Kimu[m[K->setGyroEnable(true);
      |   [01;31m[K^~~[m[K
[01m[K/home/robot/Software/ROS2/Madox/madox_ws/src/ros2_IMU/src/imu.cpp:87:3:[m[K [01;31m[Kerror: [m[Kâ€˜[01m[Kimu[m[Kâ€™ does not name a type
   87 |   [01;31m[Kimu[m[K->setAccelEnable(true);
      |   [01;31m[K^~~[m[K
[01m[K/home/robot/Software/ROS2/Madox/madox_ws/src/ros2_IMU/src/imu.cpp:88:3:[m[K [01;31m[Kerror: [m[Kâ€˜[01m[Kimu[m[Kâ€™ does not name a type
   88 |   [01;31m[Kimu[m[K->setCompassEnable(true);
      |   [01;31m[K^~~[m[K
[01m[K/home/robot/Software/ROS2/Madox/madox_ws/src/ros2_IMU/src/imu.cpp:[m[K In member function â€˜[01m[Kvoid ImuNode::PrintErrorCode(const int&)[m[Kâ€™:
[01m[K/home/robot/Software/ROS2/Madox/madox_ws/src/ros2_IMU/src/imu.cpp:243:34:[m[K [01;35m[Kwarning: [m[Kunused parameter â€˜[01m[Kcode[m[Kâ€™ [[01;35m[K-Wunused-parameter[m[K]
  243 |   void PrintErrorCode([01;35m[Kconst int& code[m[K) {
      |                       [01;35m[K~~~~~~~~~~~^~~~[m[K
make[2]: *** [CMakeFiles/ros2_imu_node.dir/build.make:63: CMakeFiles/ros2_imu_node.dir/src/imu.cpp.o] Error 1
make[1]: *** [CMakeFiles/Makefile2:78: CMakeFiles/ros2_imu_node.dir/all] Error 2
make: *** [Makefile:141: all] Error 2
