[0.265s] Invoking command in '/home/paolo/NAS/Software/ROS2/Madox/madox_ws/build/ros2_IMU': CMAKE_PREFIX_PATH=${CMAKE_PREFIX_PATH}:/home/paolo/NAS/Software/ROS2/Madox/madox_ws/install/ros2_rtimulib:/home/paolo/NAS/Software/ROS2/Madox/madox_ws/install/pid_node:/home/paolo/NAS/Software/ROS2/Madox/madox_ws/install/jetbot_sys_info:/home/paolo/NAS/Software/ROS2/Madox/madox_ws/install/jetbot_oled_display:/home/paolo/NAS/Software/ROS2/Madox/madox_ws/install/jetbot_launch:/home/paolo/NAS/Software/ROS2/Madox/madox_ws/install/jetbot_drive:/home/paolo/NAS/Software/ROS2/Madox/madox_ws/install/camera_pan_tilt:/home/paolo/NAS/Software/ROS2/Madox/madox_ws/install/camera:/opt/ros/foxy /usr/bin/cmake --build /home/paolo/NAS/Software/ROS2/Madox/madox_ws/build/ros2_IMU -- -j4 -l4
[0.522s] [35m[1mScanning dependencies of target ros2_imu_node[0m
[0.756s] [ 50%] [32mBuilding CXX object CMakeFiles/ros2_imu_node.dir/src/imu.cpp.o[0m
[2.199s] [01m[K/home/paolo/NAS/Software/ROS2/Madox/madox_ws/src/ros2_IMU/src/imu.cpp:[m[K In constructor â€˜[01m[KImuNode::ImuNode(const rclcpp::NodeOptions&)[m[Kâ€™:
[2.199s] [01m[K/home/paolo/NAS/Software/ROS2/Madox/madox_ws/src/ros2_IMU/src/imu.cpp:43:9:[m[K [01;35m[Kwarning: [m[Kunused variable â€˜[01m[Kx[m[Kâ€™ [[01;35m[K-Wunused-variable[m[K]
[2.199s]    43 |     int [01;35m[Kx[m[K = init_imu();
[2.199s]       |         [01;35m[K^[m[K
[2.201s] [01m[K/home/paolo/NAS/Software/ROS2/Madox/madox_ws/src/ros2_IMU/src/imu.cpp:[m[K In member function â€˜[01m[Kint ImuNode::init_imu()[m[Kâ€™:
[2.201s] [01m[K/home/paolo/NAS/Software/ROS2/Madox/madox_ws/src/ros2_IMU/src/imu.cpp:66:9:[m[K [01;35m[Kwarning: [m[Kunused variable â€˜[01m[KsampleCount[m[Kâ€™ [[01;35m[K-Wunused-variable[m[K]
[2.201s]    66 |     int [01;35m[KsampleCount[m[K = 0;
[2.202s]       |         [01;35m[K^~~~~~~~~~~[m[K
[2.202s] [01m[K/home/paolo/NAS/Software/ROS2/Madox/madox_ws/src/ros2_IMU/src/imu.cpp:67:9:[m[K [01;35m[Kwarning: [m[Kunused variable â€˜[01m[KsampleRate[m[Kâ€™ [[01;35m[K-Wunused-variable[m[K]
[2.202s]    67 |     int [01;35m[KsampleRate[m[K  = 0;
[2.202s]       |         [01;35m[K^~~~~~~~~~[m[K
[2.202s] [01m[K/home/paolo/NAS/Software/ROS2/Madox/madox_ws/src/ros2_IMU/src/imu.cpp:68:14:[m[K [01;35m[Kwarning: [m[Kvariable â€˜[01m[KrateTimer[m[Kâ€™ set but not used [[01;35m[K-Wunused-but-set-variable[m[K]
[2.202s]    68 |     uint64_t [01;35m[KrateTimer[m[K;
[2.202s]       |              [01;35m[K^~~~~~~~~[m[K
[2.202s] [01m[K/home/paolo/NAS/Software/ROS2/Madox/madox_ws/src/ros2_IMU/src/imu.cpp:70:14:[m[K [01;35m[Kwarning: [m[Kunused variable â€˜[01m[Know[m[Kâ€™ [[01;35m[K-Wunused-variable[m[K]
[2.202s]    70 |     uint64_t [01;35m[Know[m[K;
[2.203s]       |              [01;35m[K^~~[m[K
[2.204s] [01m[K/home/paolo/NAS/Software/ROS2/Madox/madox_ws/src/ros2_IMU/src/imu.cpp:[m[K In member function â€˜[01m[Kvoid ImuNode::PubImuData()[m[Kâ€™:
[2.204s] [01m[K/home/paolo/NAS/Software/ROS2/Madox/madox_ws/src/ros2_IMU/src/imu.cpp:119:9:[m[K [01;31m[Kerror: [m[Kâ€˜[01m[Kimu_msg[m[Kâ€™ was not declared in this scope; did you mean â€˜[01m[Ki2c_msg[m[Kâ€™?
[2.204s]   119 |         [01;31m[Kimu_msg[m[K.header.stamp          = ros::Time::now();
[2.204s]       |         [01;31m[K^~~~~~~[m[K
[2.205s]       |         [32m[Ki2c_msg[m[K
[2.205s] [01m[K/home/paolo/NAS/Software/ROS2/Madox/madox_ws/src/ros2_IMU/src/imu.cpp:119:41:[m[K [01;31m[Kerror: [m[Kâ€˜[01m[Kros[m[Kâ€™ has not been declared
[2.205s]   119 |         imu_msg.header.stamp          = [01;31m[Kros[m[K::Time::now();
[2.205s]       |                                         [01;31m[K^~~[m[K
[2.207s] [01m[K/home/paolo/NAS/Software/ROS2/Madox/madox_ws/src/ros2_IMU/src/imu.cpp:120:41:[m[K [01;31m[Kerror: [m[Kâ€˜[01m[Kframe_id[m[Kâ€™ was not declared in this scope
[2.207s]   120 |         imu_msg.header.frame_id       = [01;31m[Kframe_id[m[K;
[2.208s]       |                                         [01;31m[K^~~~~~~~[m[K
[2.208s] [01m[K/home/paolo/NAS/Software/ROS2/Madox/madox_ws/src/ros2_IMU/src/imu.cpp:131:23:[m[K [01;31m[Kerror: [m[Kâ€˜[01m[Kusing SharedPtr = class std::shared_ptr<rclcpp::Publisher<sensor_msgs::msg::Imu_<std::allocator<void> > > >[m[Kâ€™ {aka â€˜[01m[Kclass std::shared_ptr<rclcpp::Publisher<sensor_msgs::msg::Imu_<std::allocator<void> > > >[m[Kâ€™} has no member named â€˜[01m[Kpublish[m[Kâ€™
[2.208s]   131 |         imu_data_pub_.[01;31m[Kpublish[m[K(imu_msg);
[2.208s]       |                       [01;31m[K^~~~~~~[m[K
[2.208s] [01m[K/home/paolo/NAS/Software/ROS2/Madox/madox_ws/src/ros2_IMU/src/imu.cpp:133:7:[m[K [01;31m[Kerror: [m[Kâ€˜[01m[Kros[m[Kâ€™ has not been declared
[2.209s]   133 |       [01;31m[Kros[m[K::spinOnce();
[2.209s]       |       [01;31m[K^~~[m[K
[2.659s] make[2]: *** [CMakeFiles/ros2_imu_node.dir/build.make:63: CMakeFiles/ros2_imu_node.dir/src/imu.cpp.o] Error 1
[2.659s] make[1]: *** [CMakeFiles/Makefile2:78: CMakeFiles/ros2_imu_node.dir/all] Error 2
[2.659s] make: *** [Makefile:141: all] Error 2
[2.661s] Invoked command in '/home/paolo/NAS/Software/ROS2/Madox/madox_ws/build/ros2_IMU' returned '2': CMAKE_PREFIX_PATH=${CMAKE_PREFIX_PATH}:/home/paolo/NAS/Software/ROS2/Madox/madox_ws/install/ros2_rtimulib:/home/paolo/NAS/Software/ROS2/Madox/madox_ws/install/pid_node:/home/paolo/NAS/Software/ROS2/Madox/madox_ws/install/jetbot_sys_info:/home/paolo/NAS/Software/ROS2/Madox/madox_ws/install/jetbot_oled_display:/home/paolo/NAS/Software/ROS2/Madox/madox_ws/install/jetbot_launch:/home/paolo/NAS/Software/ROS2/Madox/madox_ws/install/jetbot_drive:/home/paolo/NAS/Software/ROS2/Madox/madox_ws/install/camera_pan_tilt:/home/paolo/NAS/Software/ROS2/Madox/madox_ws/install/camera:/opt/ros/foxy /usr/bin/cmake --build /home/paolo/NAS/Software/ROS2/Madox/madox_ws/build/ros2_IMU -- -j4 -l4
