[0.787s] Invoking command in '/home/robot/Software/ROS2/Madox/madox_ws/build/ros2_IMU': CMAKE_PREFIX_PATH=${CMAKE_PREFIX_PATH}:/home/robot/Software/ROS2/Madox/madox_ws/install/ros2_rtimulib:/home/robot/Software/ROS2/Madox/madox_ws/install/pid_node:/home/robot/Software/ROS2/Madox/madox_ws/install/jetbot_sys_info:/home/robot/Software/ROS2/Madox/madox_ws/install/jetbot_oled_display:/home/robot/Software/ROS2/Madox/madox_ws/install/jetbot_launch:/home/robot/Software/ROS2/Madox/madox_ws/install/jetbot_drive:/home/robot/Software/ROS2/Madox/madox_ws/install/camera_pan_tilt:/home/robot/Software/ROS2/Madox/madox_ws/install/camera:/opt/ros/foxy /usr/bin/cmake --build /home/robot/Software/ROS2/Madox/madox_ws/build/ros2_IMU -- -j4 -l4
[1.217s] [ 50%] [32mBuilding CXX object CMakeFiles/ros2_imu_node.dir/src/imu.cpp.o[0m
[6.976s] [01m[K/home/robot/Software/ROS2/Madox/madox_ws/src/ros2_IMU/src/imu.cpp:[m[K In member function â€˜[01m[Kvoid ImuNode::InitParam()[m[Kâ€™:
[6.976s] [01m[K/home/robot/Software/ROS2/Madox/madox_ws/src/ros2_IMU/src/imu.cpp:109:14:[m[K [01;31m[Kerror: [m[Kredeclaration of â€˜[01m[Kuint64_t rateTimer[m[Kâ€™
[6.977s]   109 |     uint64_t [01;31m[KrateTimer[m[K;
[6.977s]       |              [01;31m[K^~~~~~~~~[m[K
[6.978s] [01m[K/home/robot/Software/ROS2/Madox/madox_ws/src/ros2_IMU/src/imu.cpp:93:14:[m[K [01;36m[Knote: [m[Kâ€˜[01m[Kuint64_t rateTimer[m[Kâ€™ previously declared here
[6.978s]    93 |     uint64_t [01;36m[KrateTimer[m[K;
[6.978s]       |              [01;36m[K^~~~~~~~~[m[K
[6.979s] [01m[K/home/robot/Software/ROS2/Madox/madox_ws/src/ros2_IMU/src/imu.cpp:110:14:[m[K [01;31m[Kerror: [m[Kredeclaration of â€˜[01m[Kuint64_t displayTimer[m[Kâ€™
[6.979s]   110 |     uint64_t [01;31m[KdisplayTimer[m[K;
[6.980s]       |              [01;31m[K^~~~~~~~~~~~[m[K
[6.980s] [01m[K/home/robot/Software/ROS2/Madox/madox_ws/src/ros2_IMU/src/imu.cpp:94:14:[m[K [01;36m[Knote: [m[Kâ€˜[01m[Kuint64_t displayTimer[m[Kâ€™ previously declared here
[6.980s]    94 |     uint64_t [01;36m[KdisplayTimer[m[K;
[6.981s]       |              [01;36m[K^~~~~~~~~~~~[m[K
[6.981s] [01m[K/home/robot/Software/ROS2/Madox/madox_ws/src/ros2_IMU/src/imu.cpp:91:9:[m[K [01;35m[Kwarning: [m[Kunused variable â€˜[01m[KsampleCount[m[Kâ€™ [[01;35m[K-Wunused-variable[m[K]
[6.982s]    91 |     int [01;35m[KsampleCount[m[K = 0;
[6.982s]       |         [01;35m[K^~~~~~~~~~~[m[K
[6.982s] [01m[K/home/robot/Software/ROS2/Madox/madox_ws/src/ros2_IMU/src/imu.cpp:92:9:[m[K [01;35m[Kwarning: [m[Kunused variable â€˜[01m[KsampleRate[m[Kâ€™ [[01;35m[K-Wunused-variable[m[K]
[6.983s]    92 |     int [01;35m[KsampleRate[m[K  = 0;
[6.983s]       |         [01;35m[K^~~~~~~~~~[m[K
[6.983s] [01m[K/home/robot/Software/ROS2/Madox/madox_ws/src/ros2_IMU/src/imu.cpp:95:14:[m[K [01;35m[Kwarning: [m[Kunused variable â€˜[01m[Know[m[Kâ€™ [[01;35m[K-Wunused-variable[m[K]
[6.984s]    95 |     uint64_t [01;35m[Know[m[K;
[6.984s]       |              [01;35m[K^~~[m[K
[6.986s] [01m[K/home/robot/Software/ROS2/Madox/madox_ws/src/ros2_IMU/src/imu.cpp:[m[K In member function â€˜[01m[Kvoid ImuNode::PubImuData()[m[Kâ€™:
[6.986s] [01m[K/home/robot/Software/ROS2/Madox/madox_ws/src/ros2_IMU/src/imu.cpp:155:27:[m[K [01;31m[Kerror: [m[Kâ€˜[01m[Kimu[m[Kâ€™ was not declared in this scope
[6.987s]   155 |     RTIMU_DATA imu_data = [01;31m[Kimu[m[K->getIMUData();
[6.987s]       |                           [01;31m[K^~~[m[K
[6.987s] [01m[K/home/robot/Software/ROS2/Madox/madox_ws/src/ros2_IMU/src/imu.cpp:[m[K In member function â€˜[01m[Kvoid ImuNode::PrintErrorCode(const int&)[m[Kâ€™:
[6.988s] [01m[K/home/robot/Software/ROS2/Madox/madox_ws/src/ros2_IMU/src/imu.cpp:241:34:[m[K [01;35m[Kwarning: [m[Kunused parameter â€˜[01m[Kcode[m[Kâ€™ [[01;35m[K-Wunused-parameter[m[K]
[6.988s]   241 |   void PrintErrorCode([01;35m[Kconst int& code[m[K) {
[6.988s]       |                       [01;35m[K~~~~~~~~~~~^~~~[m[K
[9.425s] make[2]: *** [CMakeFiles/ros2_imu_node.dir/build.make:63: CMakeFiles/ros2_imu_node.dir/src/imu.cpp.o] Error 1
[9.428s] make[1]: *** [CMakeFiles/Makefile2:78: CMakeFiles/ros2_imu_node.dir/all] Error 2
[9.429s] make: *** [Makefile:141: all] Error 2
[9.451s] Invoked command in '/home/robot/Software/ROS2/Madox/madox_ws/build/ros2_IMU' returned '2': CMAKE_PREFIX_PATH=${CMAKE_PREFIX_PATH}:/home/robot/Software/ROS2/Madox/madox_ws/install/ros2_rtimulib:/home/robot/Software/ROS2/Madox/madox_ws/install/pid_node:/home/robot/Software/ROS2/Madox/madox_ws/install/jetbot_sys_info:/home/robot/Software/ROS2/Madox/madox_ws/install/jetbot_oled_display:/home/robot/Software/ROS2/Madox/madox_ws/install/jetbot_launch:/home/robot/Software/ROS2/Madox/madox_ws/install/jetbot_drive:/home/robot/Software/ROS2/Madox/madox_ws/install/camera_pan_tilt:/home/robot/Software/ROS2/Madox/madox_ws/install/camera:/opt/ros/foxy /usr/bin/cmake --build /home/robot/Software/ROS2/Madox/madox_ws/build/ros2_IMU -- -j4 -l4
