[0.331s] Invoking command in '/home/robot/Software/ROS2/Madox/madox_ws/build/ros2_IMU': CMAKE_PREFIX_PATH=${CMAKE_PREFIX_PATH}:/home/robot/Software/ROS2/Madox/madox_ws/install/ros2_rtimulib:/home/robot/Software/ROS2/Madox/madox_ws/install/pid_node:/home/robot/Software/ROS2/Madox/madox_ws/install/jetbot_sys_info:/home/robot/Software/ROS2/Madox/madox_ws/install/jetbot_oled_display:/home/robot/Software/ROS2/Madox/madox_ws/install/jetbot_launch:/home/robot/Software/ROS2/Madox/madox_ws/install/jetbot_drive:/home/robot/Software/ROS2/Madox/madox_ws/install/camera_pan_tilt:/home/robot/Software/ROS2/Madox/madox_ws/install/camera:/opt/ros/foxy /usr/bin/cmake --build /home/robot/Software/ROS2/Madox/madox_ws/build/ros2_IMU -- -j4 -l4
[0.650s] [35m[1mScanning dependencies of target ros2_imu_node[0m
[0.913s] [ 50%] [32mBuilding CXX object CMakeFiles/ros2_imu_node.dir/src/imu.cpp.o[0m
[6.662s] [01m[K/home/robot/Software/ROS2/Madox/madox_ws/src/ros2_IMU/src/imu.cpp:[m[K In constructor â€˜[01m[KImuNode::ImuNode(const rclcpp::NodeOptions&)[m[Kâ€™:
[6.662s] [01m[K/home/robot/Software/ROS2/Madox/madox_ws/src/ros2_IMU/src/imu.cpp:43:9:[m[K [01;35m[Kwarning: [m[Kunused variable â€˜[01m[Kx[m[Kâ€™ [[01;35m[K-Wunused-variable[m[K]
[6.663s]    43 |     int [01;35m[Kx[m[K = init3();
[6.663s]       |         [01;35m[K^[m[K
[6.667s] [01m[K/home/robot/Software/ROS2/Madox/madox_ws/src/ros2_IMU/src/imu.cpp:[m[K In member function â€˜[01m[Kint ImuNode::init3()[m[Kâ€™:
[6.667s] [01m[K/home/robot/Software/ROS2/Madox/madox_ws/src/ros2_IMU/src/imu.cpp:103:16:[m[K [01;31m[Kerror: [m[Klvalue required as left operand of assignment
[6.668s]   103 |     while (1 = [01;31m[K0[m[K) {
[6.669s]       |                [01;31m[K^[m[K
[6.669s] [01m[K/home/robot/Software/ROS2/Madox/madox_ws/src/ros2_IMU/src/imu.cpp:121:42:[m[K [01;35m[Kwarning: [m[Kformat â€˜[01m[K%d[m[Kâ€™ expects argument of type â€˜[01m[Kint[m[Kâ€™, but argument 3 has type â€˜[01m[Kuint64_t[m[Kâ€™ {aka â€˜[01m[Klong unsigned int[m[Kâ€™} [[01;35m[K-Wformat=[m[K]
[6.669s]   121 |           printf("Sample rate %d (cycle [01;35m[K%d[m[K): %s\n", sampleRate,
[6.670s]       |                                         [01;35m[K~^[m[K
[6.670s]       |                                          [01;35m[K|[m[K
[6.671s]       |                                          [01;35m[Kint[m[K
[6.671s]       |                                         [32m[K%ld[m[K
[6.671s]   122 |                  [32m[K(now - displayTimer) / 1000[m[K,
[6.672s]       |                  [32m[K~~~~~~~~~~~~~~~~~~~~~~~~~~~[m[K
[6.672s]       |                                       [32m[K|[m[K
[6.672s]       |                                       [32m[Kuint64_t {aka long unsigned int}[m[K
[6.673s] [01m[K/home/robot/Software/ROS2/Madox/madox_ws/src/ros2_IMU/src/imu.cpp:[m[K In member function â€˜[01m[Kint ImuNode::InitParam()[m[Kâ€™:
[6.673s] [01m[K/home/robot/Software/ROS2/Madox/madox_ws/src/ros2_IMU/src/imu.cpp:144:21:[m[K [01;35m[Kwarning: [m[Kno return statement in function returning non-void [[01;35m[K-Wreturn-type[m[K]
[6.674s]   144 |   int  InitParam() {[01;35m[K}[m[K
[6.674s]       |                     [01;35m[K^[m[K
[6.676s] [01m[K/home/robot/Software/ROS2/Madox/madox_ws/src/ros2_IMU/src/imu.cpp:[m[K In member function â€˜[01m[Kvoid ImuNode::PubImuData()[m[Kâ€™:
[6.676s] [01m[K/home/robot/Software/ROS2/Madox/madox_ws/src/ros2_IMU/src/imu.cpp:147:26:[m[K [01;31m[Kerror: [m[Kâ€˜[01m[Kimu[m[Kâ€™ was not declared in this scope
[6.676s]   147 |     RTIMU_DATA imuData = [01;31m[Kimu[m[K->getIMUData();
[6.677s]       |                          [01;31m[K^~~[m[K
[9.109s] make[2]: *** [CMakeFiles/ros2_imu_node.dir/build.make:63: CMakeFiles/ros2_imu_node.dir/src/imu.cpp.o] Error 1
[9.111s] make[1]: *** [CMakeFiles/Makefile2:78: CMakeFiles/ros2_imu_node.dir/all] Error 2
[9.113s] make: *** [Makefile:141: all] Error 2
[9.127s] Invoked command in '/home/robot/Software/ROS2/Madox/madox_ws/build/ros2_IMU' returned '2': CMAKE_PREFIX_PATH=${CMAKE_PREFIX_PATH}:/home/robot/Software/ROS2/Madox/madox_ws/install/ros2_rtimulib:/home/robot/Software/ROS2/Madox/madox_ws/install/pid_node:/home/robot/Software/ROS2/Madox/madox_ws/install/jetbot_sys_info:/home/robot/Software/ROS2/Madox/madox_ws/install/jetbot_oled_display:/home/robot/Software/ROS2/Madox/madox_ws/install/jetbot_launch:/home/robot/Software/ROS2/Madox/madox_ws/install/jetbot_drive:/home/robot/Software/ROS2/Madox/madox_ws/install/camera_pan_tilt:/home/robot/Software/ROS2/Madox/madox_ws/install/camera:/opt/ros/foxy /usr/bin/cmake --build /home/robot/Software/ROS2/Madox/madox_ws/build/ros2_IMU -- -j4 -l4
