[0.216s] Invoking command in '/home/paolo/NAS/Software/ROS2/Madox/madox_ws/build/ros2_IMU': CMAKE_PREFIX_PATH=${CMAKE_PREFIX_PATH}:/home/paolo/NAS/Software/ROS2/Madox/madox_ws/install/ros2_rtimulib:/home/paolo/NAS/Software/ROS2/Madox/madox_ws/install/pid_node:/home/paolo/NAS/Software/ROS2/Madox/madox_ws/install/jetbot_sys_info:/home/paolo/NAS/Software/ROS2/Madox/madox_ws/install/jetbot_oled_display:/home/paolo/NAS/Software/ROS2/Madox/madox_ws/install/jetbot_launch:/home/paolo/NAS/Software/ROS2/Madox/madox_ws/install/jetbot_drive:/home/paolo/NAS/Software/ROS2/Madox/madox_ws/install/camera_pan_tilt:/home/paolo/NAS/Software/ROS2/Madox/madox_ws/install/camera:/opt/ros/foxy /usr/bin/cmake --build /home/paolo/NAS/Software/ROS2/Madox/madox_ws/build/ros2_IMU -- -j4 -l4
[0.501s] [35m[1mScanning dependencies of target ros2_imu_node[0m
[0.762s] [ 50%] [32mBuilding CXX object CMakeFiles/ros2_imu_node.dir/src/imu.cpp.o[0m
[2.189s] [01m[K/home/paolo/NAS/Software/ROS2/Madox/madox_ws/src/ros2_IMU/src/imu.cpp:[m[K In constructor â€˜[01m[Kimu_node::imu_node(const rclcpp::NodeOptions&)[m[Kâ€™:
[2.189s] [01m[K/home/paolo/NAS/Software/ROS2/Madox/madox_ws/src/ros2_IMU/src/imu.cpp:43:9:[m[K [01;35m[Kwarning: [m[Kunused variable â€˜[01m[Kx[m[Kâ€™ [[01;35m[K-Wunused-variable[m[K]
[2.189s]    43 |     int [01;35m[Kx[m[K = init_imu();
[2.189s]       |         [01;35m[K^[m[K
[2.191s] [01m[K/home/paolo/NAS/Software/ROS2/Madox/madox_ws/src/ros2_IMU/src/imu.cpp:[m[K In member function â€˜[01m[Kint imu_node::init_imu()[m[Kâ€™:
[2.191s] [01m[K/home/paolo/NAS/Software/ROS2/Madox/madox_ws/src/ros2_IMU/src/imu.cpp:74:9:[m[K [01;35m[Kwarning: [m[Kunused variable â€˜[01m[KsampleCount[m[Kâ€™ [[01;35m[K-Wunused-variable[m[K]
[2.191s]    74 |     int [01;35m[KsampleCount[m[K = 0;
[2.191s]       |         [01;35m[K^~~~~~~~~~~[m[K
[2.192s] [01m[K/home/paolo/NAS/Software/ROS2/Madox/madox_ws/src/ros2_IMU/src/imu.cpp:75:9:[m[K [01;35m[Kwarning: [m[Kunused variable â€˜[01m[KsampleRate[m[Kâ€™ [[01;35m[K-Wunused-variable[m[K]
[2.192s]    75 |     int [01;35m[KsampleRate[m[K  = 0;
[2.192s]       |         [01;35m[K^~~~~~~~~~[m[K
[2.192s] [01m[K/home/paolo/NAS/Software/ROS2/Madox/madox_ws/src/ros2_IMU/src/imu.cpp:76:14:[m[K [01;35m[Kwarning: [m[Kvariable â€˜[01m[KrateTimer[m[Kâ€™ set but not used [[01;35m[K-Wunused-but-set-variable[m[K]
[2.193s]    76 |     uint64_t [01;35m[KrateTimer[m[K;
[2.193s]       |              [01;35m[K^~~~~~~~~[m[K
[2.193s] [01m[K/home/paolo/NAS/Software/ROS2/Madox/madox_ws/src/ros2_IMU/src/imu.cpp:78:14:[m[K [01;35m[Kwarning: [m[Kunused variable â€˜[01m[Know[m[Kâ€™ [[01;35m[K-Wunused-variable[m[K]
[2.193s]    78 |     uint64_t [01;35m[Know[m[K;
[2.193s]       |              [01;35m[K^~~[m[K
[2.193s] [01m[K/home/paolo/NAS/Software/ROS2/Madox/madox_ws/src/ros2_IMU/src/imu.cpp:[m[K In member function â€˜[01m[Kvoid imu_node::PubImuData()[m[Kâ€™:
[2.194s] [01m[K/home/paolo/NAS/Software/ROS2/Madox/madox_ws/src/ros2_IMU/src/imu.cpp:144:22:[m[K [01;31m[Kerror: [m[Kâ€˜[01m[Kusing SharedPtr = class std::shared_ptr<rclcpp::Publisher<sensor_msgs::msg::Imu_<std::allocator<void> > > >[m[Kâ€™ {aka â€˜[01m[Kclass std::shared_ptr<rclcpp::Publisher<sensor_msgs::msg::Imu_<std::allocator<void> > > >[m[Kâ€™} has no member named â€˜[01m[Kpublish[m[Kâ€™
[2.194s]   144 |         imu_data_pub.[01;31m[Kpublish[m[K(imu_msg);
[2.194s]       |                      [01;31m[K^~~~~~~[m[K
[2.194s] [01m[K/home/paolo/NAS/Software/ROS2/Madox/madox_ws/src/ros2_IMU/src/imu.cpp:[m[K In function â€˜[01m[Kint main(int, char**)[m[Kâ€™:
[2.195s] [01m[K/home/paolo/NAS/Software/ROS2/Madox/madox_ws/src/ros2_IMU/src/imu.cpp:164:36:[m[K [01;31m[Kerror: [m[Kuse of â€˜[01m[Kimu_node[m[Kâ€™ before deduction of â€˜[01m[Kauto[m[Kâ€™
[2.195s]   164 |   auto imu_node = std::make_shared<[01;31m[Kimu_node[m[K>(options);
[2.195s]       |                                    [01;31m[K^~~~~~~~[m[K
[2.195s] [01m[K/home/paolo/NAS/Software/ROS2/Madox/madox_ws/src/ros2_IMU/src/imu.cpp:164:36:[m[K [01;31m[Kerror: [m[Kuse of â€˜[01m[Kimu_node[m[Kâ€™ before deduction of â€˜[01m[Kauto[m[Kâ€™
[2.195s] [01m[K/home/paolo/NAS/Software/ROS2/Madox/madox_ws/src/ros2_IMU/src/imu.cpp:164:36:[m[K [01;31m[Kerror: [m[Kuse of â€˜[01m[Kimu_node[m[Kâ€™ before deduction of â€˜[01m[Kauto[m[Kâ€™
[2.195s] [01m[K/home/paolo/NAS/Software/ROS2/Madox/madox_ws/src/ros2_IMU/src/imu.cpp:164:53:[m[K [01;31m[Kerror: [m[Kno matching function for call to â€˜[01m[Kmake_shared<<expression error> >(rclcpp::NodeOptions&)[m[Kâ€™
[2.195s]   164 |   auto imu_node = std::make_shared<imu_node>(options[01;31m[K)[m[K;
[2.195s]       |                                                     [01;31m[K^[m[K
[2.195s] In file included from [01m[K/usr/include/c++/9/memory:81[m[K,
[2.195s]                  from [01m[K/opt/ros/foxy/include/rclcpp/rclcpp.hpp:144[m[K,
[2.195s]                  from [01m[K/home/paolo/NAS/Software/ROS2/Madox/madox_ws/src/ros2_IMU/src/imu.cpp:23[m[K:
[2.196s] [01m[K/usr/include/c++/9/bits/shared_ptr.h:714:5:[m[K [01;36m[Knote: [m[Kcandidate: â€˜[01m[Ktemplate<class _Tp, class ... _Args> std::shared_ptr<_Tp> std::make_shared(_Args&& ...)[m[Kâ€™
[2.196s]   714 |     [01;36m[Kmake_shared[m[K(_Args&&... __args)
[2.196s]       |     [01;36m[K^~~~~~~~~~~[m[K
[2.196s] [01m[K/usr/include/c++/9/bits/shared_ptr.h:714:5:[m[K [01;36m[Knote: [m[K  template argument deduction/substitution failed:
[2.196s] [01m[K/home/paolo/NAS/Software/ROS2/Madox/madox_ws/src/ros2_IMU/src/imu.cpp:164:53:[m[K [01;31m[Kerror: [m[Ktemplate argument 1 is invalid
[2.196s]   164 |   auto imu_node = std::make_shared<imu_node>(options[01;31m[K)[m[K;
[2.196s]       |                                                     [01;31m[K^[m[K
[3.001s] make[2]: *** [CMakeFiles/ros2_imu_node.dir/build.make:63: CMakeFiles/ros2_imu_node.dir/src/imu.cpp.o] Error 1
[3.001s] make[1]: *** [CMakeFiles/Makefile2:78: CMakeFiles/ros2_imu_node.dir/all] Error 2
[3.002s] make: *** [Makefile:141: all] Error 2
[3.004s] Invoked command in '/home/paolo/NAS/Software/ROS2/Madox/madox_ws/build/ros2_IMU' returned '2': CMAKE_PREFIX_PATH=${CMAKE_PREFIX_PATH}:/home/paolo/NAS/Software/ROS2/Madox/madox_ws/install/ros2_rtimulib:/home/paolo/NAS/Software/ROS2/Madox/madox_ws/install/pid_node:/home/paolo/NAS/Software/ROS2/Madox/madox_ws/install/jetbot_sys_info:/home/paolo/NAS/Software/ROS2/Madox/madox_ws/install/jetbot_oled_display:/home/paolo/NAS/Software/ROS2/Madox/madox_ws/install/jetbot_launch:/home/paolo/NAS/Software/ROS2/Madox/madox_ws/install/jetbot_drive:/home/paolo/NAS/Software/ROS2/Madox/madox_ws/install/camera_pan_tilt:/home/paolo/NAS/Software/ROS2/Madox/madox_ws/install/camera:/opt/ros/foxy /usr/bin/cmake --build /home/paolo/NAS/Software/ROS2/Madox/madox_ws/build/ros2_IMU -- -j4 -l4
