-- Found ament_cmake: 0.9.8 (/opt/ros/foxy/share/ament_cmake/cmake)
-- Using PYTHON_EXECUTABLE: /usr/bin/python3
-- Found rclcpp: 2.3.1 (/opt/ros/foxy/share/rclcpp/cmake)
-- Using all available rosidl_typesupport_c: rosidl_typesupport_fastrtps_c;rosidl_typesupport_introspection_c
-- Found rosidl_adapter: 1.2.1 (/opt/ros/foxy/share/rosidl_adapter/cmake)
-- Using all available rosidl_typesupport_cpp: rosidl_typesupport_fastrtps_cpp;rosidl_typesupport_introspection_cpp
-- Found rmw_implementation_cmake: 1.0.3 (/opt/ros/foxy/share/rmw_implementation_cmake/cmake)
-- Using RMW implementation 'rmw_fastrtps_cpp' as default
WARNING: Package name "ros2_IMU" does not follow the naming conventions. It should start with a lower case letter and only contain lower case letters, digits, underscores, and dashes.
-- Configuring done
-- Generating done
-- Build files have been written to: /home/robot/Software/ROS2/Madox/madox_ws/build/ros2_IMU
[35m[1mScanning dependencies of target ros2_imu_node[0m
[ 50%] [32mBuilding CXX object CMakeFiles/ros2_imu_node.dir/src/imu.cpp.o[0m
[01m[K/home/robot/Software/ROS2/Madox/madox_ws/src/ros2_IMU/src/imu.cpp:[m[K In member function â€˜[01m[Kvoid ImuNode::InitParam()[m[Kâ€™:
[01m[K/home/robot/Software/ROS2/Madox/madox_ws/src/ros2_IMU/src/imu.cpp:99:14:[m[K [01;35m[Kwarning: [m[Kvariable â€˜[01m[KrateTimer[m[Kâ€™ set but not used [[01;35m[K-Wunused-but-set-variable[m[K]
   99 |     uint64_t [01;35m[KrateTimer[m[K;
      |              [01;35m[K^~~~~~~~~[m[K
[01m[K/home/robot/Software/ROS2/Madox/madox_ws/src/ros2_IMU/src/imu.cpp:[m[K In member function â€˜[01m[Kvoid ImuNode::PrintErrorCode(const int&)[m[Kâ€™:
[01m[K/home/robot/Software/ROS2/Madox/madox_ws/src/ros2_IMU/src/imu.cpp:232:34:[m[K [01;35m[Kwarning: [m[Kunused parameter â€˜[01m[Kcode[m[Kâ€™ [[01;35m[K-Wunused-parameter[m[K]
  232 |   void PrintErrorCode([01;35m[Kconst int& code[m[K) {
      |                       [01;35m[K~~~~~~~~~~~^~~~[m[K
[100%] [32m[1mLinking CXX executable ros2_imu_node[0m
/usr/bin/ld: CMakeFiles/ros2_imu_node.dir/src/imu.cpp.o: in function `ImuNode::InitParam()':
imu.cpp:(.text._ZN7ImuNode9InitParamEv[_ZN7ImuNode9InitParamEv]+0xe0): undefined reference to `RTIMUSettings::RTIMUSettings(char const*)'
/usr/bin/ld: imu.cpp:(.text._ZN7ImuNode9InitParamEv[_ZN7ImuNode9InitParamEv]+0xec): undefined reference to `RTIMU::createIMU(RTIMUSettings*)'
/usr/bin/ld: imu.cpp:(.text._ZN7ImuNode9InitParamEv[_ZN7ImuNode9InitParamEv]+0xf8): undefined reference to `RTPressure::createPressure(RTIMUSettings*)'
/usr/bin/ld: imu.cpp:(.text._ZN7ImuNode9InitParamEv[_ZN7ImuNode9InitParamEv]+0x1c8): undefined reference to `RTMath::currentUSecsSinceEpoch()'
collect2: error: ld returned 1 exit status
make[2]: *** [CMakeFiles/ros2_imu_node.dir/build.make:131: ros2_imu_node] Error 1
make[1]: *** [CMakeFiles/Makefile2:78: CMakeFiles/ros2_imu_node.dir/all] Error 2
make: *** [Makefile:141: all] Error 2
