[0.225s] Invoking command in '/home/paolo/NAS/Software/ROS2/Madox/madox_ws/build/ros2_IMU': CMAKE_PREFIX_PATH=${CMAKE_PREFIX_PATH}:/home/paolo/NAS/Software/ROS2/Madox/madox_ws/install/ros2_rtimulib:/home/paolo/NAS/Software/ROS2/Madox/madox_ws/install/pid_node:/home/paolo/NAS/Software/ROS2/Madox/madox_ws/install/jetbot_sys_info:/home/paolo/NAS/Software/ROS2/Madox/madox_ws/install/jetbot_oled_display:/home/paolo/NAS/Software/ROS2/Madox/madox_ws/install/jetbot_launch:/home/paolo/NAS/Software/ROS2/Madox/madox_ws/install/jetbot_drive:/home/paolo/NAS/Software/ROS2/Madox/madox_ws/install/camera_pan_tilt:/home/paolo/NAS/Software/ROS2/Madox/madox_ws/install/camera:/opt/ros/foxy /usr/bin/cmake --build /home/paolo/NAS/Software/ROS2/Madox/madox_ws/build/ros2_IMU -- -j4 -l4
[0.450s] [35m[1mScanning dependencies of target ros2_imu_node[0m
[0.721s] [ 50%] [32mBuilding CXX object CMakeFiles/ros2_imu_node.dir/src/imu.cpp.o[0m
[1.893s] [01m[K/home/paolo/NAS/Software/ROS2/Madox/madox_ws/src/ros2_IMU/src/imu.cpp:63:36:[m[K [01;31m[Kerror: [m[Kâ€˜[01m[KString[m[Kâ€™ is not a member of â€˜[01m[Kstd_msgs::msg[m[Kâ€™
[1.893s]    63 |   rclcpp::Publisher<std_msgs::msg::[01;31m[KString[m[K>::SharedPtr publisher_;
[1.893s]       |                                    [01;31m[K^~~~~~[m[K
[1.893s] [01m[K/home/paolo/NAS/Software/ROS2/Madox/madox_ws/src/ros2_IMU/src/imu.cpp:63:36:[m[K [01;31m[Kerror: [m[Kâ€˜[01m[KString[m[Kâ€™ is not a member of â€˜[01m[Kstd_msgs::msg[m[Kâ€™
[1.893s] [01m[K/home/paolo/NAS/Software/ROS2/Madox/madox_ws/src/ros2_IMU/src/imu.cpp:63:42:[m[K [01;31m[Kerror: [m[Ktemplate argument 1 is invalid
[1.894s]    63 |   rclcpp::Publisher<std_msgs::msg::String[01;31m[K>[m[K::SharedPtr publisher_;
[1.894s]       |                                          [01;31m[K^[m[K
[1.894s] [01m[K/home/paolo/NAS/Software/ROS2/Madox/madox_ws/src/ros2_IMU/src/imu.cpp:63:45:[m[K [01;31m[Kerror: [m[Kexpected â€˜[01m[K;[m[Kâ€™ at end of member declaration
[1.894s]    63 |   rclcpp::Publisher<std_msgs::msg::String>::[01;31m[KSharedPtr[m[K publisher_;
[1.894s]       |                                             [01;31m[K^~~~~~~~~[m[K
[1.894s]       |                                                      [32m[K;[m[K
[1.896s] [01m[K/home/paolo/NAS/Software/ROS2/Madox/madox_ws/src/ros2_IMU/src/imu.cpp:63:55:[m[K [01;31m[Kerror: [m[Kâ€˜[01m[Kpublisher_[m[Kâ€™ does not name a type; did you mean â€˜[01m[Krcl_publisher_t[m[Kâ€™?
[1.896s]    63 |   rclcpp::Publisher<std_msgs::msg::String>::SharedPtr [01;31m[Kpublisher_[m[K;
[1.896s]       |                                                       [01;31m[K^~~~~~~~~~[m[K
[1.896s]       |                                                       [32m[Krcl_publisher_t[m[K
[1.899s] [01m[K/home/paolo/NAS/Software/ROS2/Madox/madox_ws/src/ros2_IMU/src/imu.cpp:[m[K In constructor â€˜[01m[KImuNode::ImuNode(const rclcpp::NodeOptions&)[m[Kâ€™:
[1.899s] [01m[K/home/paolo/NAS/Software/ROS2/Madox/madox_ws/src/ros2_IMU/src/imu.cpp:46:5:[m[K [01;31m[Kerror: [m[Kâ€˜[01m[Kpublisher_[m[Kâ€™ was not declared in this scope; did you mean â€˜[01m[Krcl_publisher_t[m[Kâ€™?
[1.900s]    46 |     [01;31m[Kpublisher_[m[K = this->create_publisher<std_msgs::msg::String>("topic", 10);
[1.900s]       |     [01;31m[K^~~~~~~~~~[m[K
[1.900s]       |     [32m[Krcl_publisher_t[m[K
[1.900s] [01m[K/home/paolo/NAS/Software/ROS2/Madox/madox_ws/src/ros2_IMU/src/imu.cpp:46:56:[m[K [01;31m[Kerror: [m[Kâ€˜[01m[KString[m[Kâ€™ is not a member of â€˜[01m[Kstd_msgs::msg[m[Kâ€™
[1.900s]    46 |     publisher_ = this->create_publisher<std_msgs::msg::[01;31m[KString[m[K>("topic", 10);
[1.900s]       |                                                        [01;31m[K^~~~~~[m[K
[1.900s] [01m[K/home/paolo/NAS/Software/ROS2/Madox/madox_ws/src/ros2_IMU/src/imu.cpp:46:56:[m[K [01;31m[Kerror: [m[Kâ€˜[01m[KString[m[Kâ€™ is not a member of â€˜[01m[Kstd_msgs::msg[m[Kâ€™
[1.900s] [01m[K/home/paolo/NAS/Software/ROS2/Madox/madox_ws/src/ros2_IMU/src/imu.cpp:46:75:[m[K [01;31m[Kerror: [m[Kno matching function for call to â€˜[01m[KImuNode::create_publisher<<expression error> >(const char [6], int)[m[Kâ€™
[1.900s]    46 |     publisher_ = this->create_publisher<std_msgs::msg::String>("topic", 10[01;31m[K)[m[K;
[1.901s]       |                                                                           [01;31m[K^[m[K
[1.901s] In file included from [01m[K/opt/ros/foxy/include/rclcpp/executors/single_threaded_executor.hpp:28[m[K,
[1.901s]                  from [01m[K/opt/ros/foxy/include/rclcpp/executors.hpp:22[m[K,
[1.901s]                  from [01m[K/opt/ros/foxy/include/rclcpp/rclcpp.hpp:146[m[K,
[1.901s]                  from [01m[K/home/paolo/NAS/Software/ROS2/Madox/madox_ws/src/ros2_IMU/src/imu.cpp:23[m[K:
[1.901s] [01m[K/opt/ros/foxy/include/rclcpp/node.hpp:184:3:[m[K [01;36m[Knote: [m[Kcandidate: â€˜[01m[Ktemplate<class MessageT, class AllocatorT, class PublisherT> std::shared_ptr<PublisherT> rclcpp::Node::create_publisher(const string&, const rclcpp::QoS&, const rclcpp::PublisherOptionsWithAllocator<AllocatorT>&)[m[Kâ€™
[1.901s]   184 |   [01;36m[Kcreate_publisher[m[K(
[1.901s]       |   [01;36m[K^~~~~~~~~~~~~~~~[m[K
[1.901s] [01m[K/opt/ros/foxy/include/rclcpp/node.hpp:184:3:[m[K [01;36m[Knote: [m[K  template argument deduction/substitution failed:
[1.901s] [01m[K/home/paolo/NAS/Software/ROS2/Madox/madox_ws/src/ros2_IMU/src/imu.cpp:46:75:[m[K [01;31m[Kerror: [m[Ktemplate argument 1 is invalid
[1.902s]    46 |     publisher_ = this->create_publisher<std_msgs::msg::String>("topic", 10[01;31m[K)[m[K;
[1.902s]       |                                                                           [01;31m[K^[m[K
[1.910s] [01m[K/home/paolo/NAS/Software/ROS2/Madox/madox_ws/src/ros2_IMU/src/imu.cpp:43:9:[m[K [01;35m[Kwarning: [m[Kunused variable â€˜[01m[Kx[m[Kâ€™ [[01;35m[K-Wunused-variable[m[K]
[1.910s]    43 |     int [01;35m[Kx[m[K = init_imu();
[1.910s]       |         [01;35m[K^[m[K
[1.911s] [01m[K/home/paolo/NAS/Software/ROS2/Madox/madox_ws/src/ros2_IMU/src/imu.cpp:[m[K In member function â€˜[01m[Kint ImuNode::init_imu()[m[Kâ€™:
[1.911s] [01m[K/home/paolo/NAS/Software/ROS2/Madox/madox_ws/src/ros2_IMU/src/imu.cpp:67:9:[m[K [01;35m[Kwarning: [m[Kunused variable â€˜[01m[KsampleCount[m[Kâ€™ [[01;35m[K-Wunused-variable[m[K]
[1.911s]    67 |     int [01;35m[KsampleCount[m[K = 0;
[1.912s]       |         [01;35m[K^~~~~~~~~~~[m[K
[1.912s] [01m[K/home/paolo/NAS/Software/ROS2/Madox/madox_ws/src/ros2_IMU/src/imu.cpp:68:9:[m[K [01;35m[Kwarning: [m[Kunused variable â€˜[01m[KsampleRate[m[Kâ€™ [[01;35m[K-Wunused-variable[m[K]
[1.912s]    68 |     int [01;35m[KsampleRate[m[K  = 0;
[1.912s]       |         [01;35m[K^~~~~~~~~~[m[K
[1.912s] [01m[K/home/paolo/NAS/Software/ROS2/Madox/madox_ws/src/ros2_IMU/src/imu.cpp:71:14:[m[K [01;35m[Kwarning: [m[Kunused variable â€˜[01m[Know[m[Kâ€™ [[01;35m[K-Wunused-variable[m[K]
[1.912s]    71 |     uint64_t [01;35m[Know[m[K;
[1.912s]       |              [01;35m[K^~~[m[K
[1.912s] [01m[K/home/paolo/NAS/Software/ROS2/Madox/madox_ws/src/ros2_IMU/src/imu.cpp:[m[K In member function â€˜[01m[Kvoid ImuNode::PubImuData()[m[Kâ€™:
[1.912s] [01m[K/home/paolo/NAS/Software/ROS2/Madox/madox_ws/src/ros2_IMU/src/imu.cpp:106:35:[m[K [01;31m[Kerror: [m[Kâ€˜[01m[KString[m[Kâ€™ is not a member of â€˜[01m[Kstd_msgs::msg[m[Kâ€™
[1.912s]   106 |     auto message = std_msgs::msg::[01;31m[KString[m[K();
[1.912s]       |                                   [01;31m[K^~~~~~[m[K
[1.915s] [01m[K/home/paolo/NAS/Software/ROS2/Madox/madox_ws/src/ros2_IMU/src/imu.cpp:109:5:[m[K [01;31m[Kerror: [m[Kâ€˜[01m[Kpublisher_[m[Kâ€™ was not declared in this scope; did you mean â€˜[01m[Krcl_publisher_t[m[Kâ€™?
[1.915s]   109 |     [01;31m[Kpublisher_[m[K->publish(message);
[1.915s]       |     [01;31m[K^~~~~~~~~~[m[K
[1.915s]       |     [32m[Krcl_publisher_t[m[K
[1.915s] [01m[K/home/paolo/NAS/Software/ROS2/Madox/madox_ws/src/ros2_IMU/src/imu.cpp:104:12:[m[K [01;35m[Kwarning: [m[Kunused variable â€˜[01m[Kframe_id[m[Kâ€™ [[01;35m[K-Wunused-variable[m[K]
[1.916s]   104 |     size_t [01;35m[Kframe_id[m[K = 0;
[1.916s]       |            [01;35m[K^~~~~~~~[m[K
[2.281s] make[2]: *** [CMakeFiles/ros2_imu_node.dir/build.make:63: CMakeFiles/ros2_imu_node.dir/src/imu.cpp.o] Error 1
[2.281s] make[1]: *** [CMakeFiles/Makefile2:78: CMakeFiles/ros2_imu_node.dir/all] Error 2
[2.281s] make: *** [Makefile:141: all] Error 2
[2.283s] Invoked command in '/home/paolo/NAS/Software/ROS2/Madox/madox_ws/build/ros2_IMU' returned '2': CMAKE_PREFIX_PATH=${CMAKE_PREFIX_PATH}:/home/paolo/NAS/Software/ROS2/Madox/madox_ws/install/ros2_rtimulib:/home/paolo/NAS/Software/ROS2/Madox/madox_ws/install/pid_node:/home/paolo/NAS/Software/ROS2/Madox/madox_ws/install/jetbot_sys_info:/home/paolo/NAS/Software/ROS2/Madox/madox_ws/install/jetbot_oled_display:/home/paolo/NAS/Software/ROS2/Madox/madox_ws/install/jetbot_launch:/home/paolo/NAS/Software/ROS2/Madox/madox_ws/install/jetbot_drive:/home/paolo/NAS/Software/ROS2/Madox/madox_ws/install/camera_pan_tilt:/home/paolo/NAS/Software/ROS2/Madox/madox_ws/install/camera:/opt/ros/foxy /usr/bin/cmake --build /home/paolo/NAS/Software/ROS2/Madox/madox_ws/build/ros2_IMU -- -j4 -l4
