[0.363s] Invoking command in '/home/robot/Software/ROS2/Madox/madox_ws/build/ros2_IMU': CMAKE_PREFIX_PATH=${CMAKE_PREFIX_PATH}:/home/robot/Software/ROS2/Madox/madox_ws/install/ros2_rtimulib:/home/robot/Software/ROS2/Madox/madox_ws/install/pid_node:/home/robot/Software/ROS2/Madox/madox_ws/install/jetbot_sys_info:/home/robot/Software/ROS2/Madox/madox_ws/install/jetbot_oled_display:/home/robot/Software/ROS2/Madox/madox_ws/install/jetbot_launch:/home/robot/Software/ROS2/Madox/madox_ws/install/jetbot_drive:/home/robot/Software/ROS2/Madox/madox_ws/install/camera_pan_tilt:/home/robot/Software/ROS2/Madox/madox_ws/install/camera:/opt/ros/foxy /usr/bin/cmake --build /home/robot/Software/ROS2/Madox/madox_ws/build/ros2_IMU -- -j4 -l4
[0.665s] [35m[1mScanning dependencies of target ros2_imu_node[0m
[0.893s] [ 50%] [32mBuilding CXX object CMakeFiles/ros2_imu_node.dir/src/imu.cpp.o[0m
[6.657s] [01m[K/home/robot/Software/ROS2/Madox/madox_ws/src/ros2_IMU/src/imu.cpp:[m[K In member function â€˜[01m[Kvoid ImuNode::InitParam()[m[Kâ€™:
[6.657s] [01m[K/home/robot/Software/ROS2/Madox/madox_ws/src/ros2_IMU/src/imu.cpp:106:14:[m[K [01;31m[Kerror: [m[Kredeclaration of â€˜[01m[Kuint64_t rateTimer[m[Kâ€™
[6.658s]   106 |     uint64_t [01;31m[KrateTimer[m[K;
[6.658s]       |              [01;31m[K^~~~~~~~~[m[K
[6.659s] [01m[K/home/robot/Software/ROS2/Madox/madox_ws/src/ros2_IMU/src/imu.cpp:93:14:[m[K [01;36m[Knote: [m[Kâ€˜[01m[Kuint64_t rateTimer[m[Kâ€™ previously declared here
[6.659s]    93 |     uint64_t [01;36m[KrateTimer[m[K;
[6.659s]       |              [01;36m[K^~~~~~~~~[m[K
[6.659s] [01m[K/home/robot/Software/ROS2/Madox/madox_ws/src/ros2_IMU/src/imu.cpp:107:14:[m[K [01;31m[Kerror: [m[Kredeclaration of â€˜[01m[Kuint64_t displayTimer[m[Kâ€™
[6.660s]   107 |     uint64_t [01;31m[KdisplayTimer[m[K;
[6.660s]       |              [01;31m[K^~~~~~~~~~~~[m[K
[6.661s] [01m[K/home/robot/Software/ROS2/Madox/madox_ws/src/ros2_IMU/src/imu.cpp:94:14:[m[K [01;36m[Knote: [m[Kâ€˜[01m[Kuint64_t displayTimer[m[Kâ€™ previously declared here
[6.661s]    94 |     uint64_t [01;36m[KdisplayTimer[m[K;
[6.661s]       |              [01;36m[K^~~~~~~~~~~~[m[K
[6.662s] [01m[K/home/robot/Software/ROS2/Madox/madox_ws/src/ros2_IMU/src/imu.cpp:91:9:[m[K [01;35m[Kwarning: [m[Kunused variable â€˜[01m[KsampleCount[m[Kâ€™ [[01;35m[K-Wunused-variable[m[K]
[6.662s]    91 |     int [01;35m[KsampleCount[m[K = 0;
[6.662s]       |         [01;35m[K^~~~~~~~~~~[m[K
[6.663s] [01m[K/home/robot/Software/ROS2/Madox/madox_ws/src/ros2_IMU/src/imu.cpp:92:9:[m[K [01;35m[Kwarning: [m[Kunused variable â€˜[01m[KsampleRate[m[Kâ€™ [[01;35m[K-Wunused-variable[m[K]
[6.663s]    92 |     int [01;35m[KsampleRate[m[K  = 0;
[6.664s]       |         [01;35m[K^~~~~~~~~~[m[K
[6.664s] [01m[K/home/robot/Software/ROS2/Madox/madox_ws/src/ros2_IMU/src/imu.cpp:95:14:[m[K [01;35m[Kwarning: [m[Kunused variable â€˜[01m[Know[m[Kâ€™ [[01;35m[K-Wunused-variable[m[K]
[6.664s]    95 |     uint64_t [01;35m[Know[m[K;
[6.665s]       |              [01;35m[K^~~[m[K
[6.667s] [01m[K/home/robot/Software/ROS2/Madox/madox_ws/src/ros2_IMU/src/imu.cpp:[m[K In member function â€˜[01m[Kvoid ImuNode::PubImuData()[m[Kâ€™:
[6.668s] [01m[K/home/robot/Software/ROS2/Madox/madox_ws/src/ros2_IMU/src/imu.cpp:154:27:[m[K [01;31m[Kerror: [m[Kâ€˜[01m[Kimu[m[Kâ€™ was not declared in this scope
[6.668s]   154 |     RTIMU_DATA imu_data = [01;31m[Kimu[m[K->getIMUData();
[6.669s]       |                           [01;31m[K^~~[m[K
[6.669s] [01m[K/home/robot/Software/ROS2/Madox/madox_ws/src/ros2_IMU/src/imu.cpp:[m[K In member function â€˜[01m[Kvoid ImuNode::PrintErrorCode(const int&)[m[Kâ€™:
[6.669s] [01m[K/home/robot/Software/ROS2/Madox/madox_ws/src/ros2_IMU/src/imu.cpp:240:34:[m[K [01;35m[Kwarning: [m[Kunused parameter â€˜[01m[Kcode[m[Kâ€™ [[01;35m[K-Wunused-parameter[m[K]
[6.670s]   240 |   void PrintErrorCode([01;35m[Kconst int& code[m[K) {
[6.670s]       |                       [01;35m[K~~~~~~~~~~~^~~~[m[K
[9.107s] make[2]: *** [CMakeFiles/ros2_imu_node.dir/build.make:63: CMakeFiles/ros2_imu_node.dir/src/imu.cpp.o] Error 1
[9.115s] make[1]: *** [CMakeFiles/Makefile2:78: CMakeFiles/ros2_imu_node.dir/all] Error 2
[9.119s] make: *** [Makefile:141: all] Error 2
[9.132s] Invoked command in '/home/robot/Software/ROS2/Madox/madox_ws/build/ros2_IMU' returned '2': CMAKE_PREFIX_PATH=${CMAKE_PREFIX_PATH}:/home/robot/Software/ROS2/Madox/madox_ws/install/ros2_rtimulib:/home/robot/Software/ROS2/Madox/madox_ws/install/pid_node:/home/robot/Software/ROS2/Madox/madox_ws/install/jetbot_sys_info:/home/robot/Software/ROS2/Madox/madox_ws/install/jetbot_oled_display:/home/robot/Software/ROS2/Madox/madox_ws/install/jetbot_launch:/home/robot/Software/ROS2/Madox/madox_ws/install/jetbot_drive:/home/robot/Software/ROS2/Madox/madox_ws/install/camera_pan_tilt:/home/robot/Software/ROS2/Madox/madox_ws/install/camera:/opt/ros/foxy /usr/bin/cmake --build /home/robot/Software/ROS2/Madox/madox_ws/build/ros2_IMU -- -j4 -l4
